# JRE version: Java(TM) SE Runtime Environment (8.0_11-b12) (build 1.8.0_11-b12)
# Java VM: Java HotSpot(TM) 64-Bit Server VM (25.11-b03 mixed mode windows-amd64 compressed oops)
Heap:
 PSYoungGen      total 14848K, used 3734K [0x00000000eab00000, 0x00000000ec300000, 0x0000000100000000)
  eden space 12800K, 13% used [0x00000000eab00000,0x00000000eaca9910,0x00000000eb780000)
  from space 2048K, 99% used [0x00000000eb780000,0x00000000eb97c130,0x00000000eb980000)
  to   space 2048K, 0% used [0x00000000ec100000,0x00000000ec100000,0x00000000ec300000)
 ParOldGen       total 64000K, used 4173K [0x00000000c0000000, 0x00000000c3e80000, 0x00000000eab00000)
  object space 64000K, 6% used [0x00000000c0000000,0x00000000c0413538,0x00000000c3e80000)
 Metaspace       used 11726K, capacity 11910K, committed 12032K, reserved 1060864K
  class space    used 1413K, capacity 1473K, committed 1536K, reserved 1048576K
GC Heap History (10 events):
Event: 3.470 GC heap before
{Heap before GC invocations=7 (full 0):
 PSYoungGen      total 5632K, used 4714K [0x00000000eab00000, 0x00000000eb200000, 0x0000000100000000)
  eden space 4096K, 98% used [0x00000000eab00000,0x00000000eaeec8c0,0x00000000eaf00000)
  from space 1536K, 45% used [0x00000000eb080000,0x00000000eb12e040,0x00000000eb200000)
  to   space 1536K, 0% used [0x00000000eaf00000,0x00000000eaf00000,0x00000000eb080000)
 ParOldGen       total 64000K, used 1704K [0x00000000c0000000, 0x00000000c3e80000, 0x00000000eab00000)
  object space 64000K, 2% used [0x00000000c0000000,0x00000000c01aa320,0x00000000c3e80000)
 Metaspace       used 10011K, capacity 10182K, committed 10368K, reserved 1058816K
  class space    used 1299K, capacity 1345K, committed 1408K, reserved 1048576K
Event: 3.471 GC heap after
Heap after GC invocations=7 (full 0):
 PSYoungGen      total 5632K, used 576K [0x00000000eab00000, 0x00000000eb600000, 0x0000000100000000)
  eden space 4096K, 0% used [0x00000000eab00000,0x00000000eab00000,0x00000000eaf00000)
  from space 1536K, 37% used [0x00000000eaf00000,0x00000000eaf90010,0x00000000eb080000)
  to   space 1536K, 0% used [0x00000000eb480000,0x00000000eb480000,0x00000000eb600000)
 ParOldGen       total 64000K, used 1904K [0x00000000c0000000, 0x00000000c3e80000, 0x00000000eab00000)
  object space 64000K, 2% used [0x00000000c0000000,0x00000000c01dc380,0x00000000c3e80000)
 Metaspace       used 10011K, capacity 10182K, committed 10368K, reserved 1058816K
  class space    used 1299K, capacity 1345K, committed 1408K, reserved 1048576K
}
Event: 3.492 GC heap before
{Heap before GC invocations=8 (full 0):
 PSYoungGen      total 5632K, used 4637K [0x00000000eab00000, 0x00000000eb600000, 0x0000000100000000)
  eden space 4096K, 99% used [0x00000000eab00000,0x00000000eaef77a0,0x00000000eaf00000)
  from space 1536K, 37% used [0x00000000eaf00000,0x00000000eaf90010,0x00000000eb080000)
  to   space 1536K, 0% used [0x00000000eb480000,0x00000000eb480000,0x00000000eb600000)
 ParOldGen       total 64000K, used 1904K [0x00000000c0000000, 0x00000000c3e80000, 0x00000000eab00000)
  object space 64000K, 2% used [0x00000000c0000000,0x00000000c01dc380,0x00000000c3e80000)
 Metaspace       used 10050K, capacity 10182K, committed 10368K, reserved 1058816K
  class space    used 1299K, capacity 1345K, committed 1408K, reserved 1048576K
Event: 3.496 GC heap after
Heap after GC invocations=8 (full 0):
 PSYoungGen      total 9728K, used 462K [0x00000000eab00000, 0x00000000eb600000, 0x0000000100000000)
  eden space 8192K, 0% used [0x00000000eab00000,0x00000000eab00000,0x00000000eb300000)
  from space 1536K, 30% used [0x00000000eb480000,0x00000000eb4f39b0,0x00000000eb600000)
  to   space 1536K, 0% used [0x00000000eb300000,0x00000000eb300000,0x00000000eb480000)
 ParOldGen       total 64000K, used 2056K [0x00000000c0000000, 0x00000000c3e80000, 0x00000000eab00000)
  object space 64000K, 3% used [0x00000000c0000000,0x00000000c0202380,0x00000000c3e80000)
 Metaspace       used 10050K, capacity 10182K, committed 10368K, reserved 1058816K
  class space    used 1299K, capacity 1345K, committed 1408K, reserved 1048576K
}
Event: 3.536 GC heap before
{Heap before GC invocations=9 (full 0):
 PSYoungGen      total 9728K, used 8654K [0x00000000eab00000, 0x00000000eb600000, 0x0000000100000000)
  eden space 8192K, 100% used [0x00000000eab00000,0x00000000eb300000,0x00000000eb300000)
  from space 1536K, 30% used [0x00000000eb480000,0x00000000eb4f39b0,0x00000000eb600000)
  to   space 1536K, 0% used [0x00000000eb300000,0x00000000eb300000,0x00000000eb480000)
 ParOldGen       total 64000K, used 2056K [0x00000000c0000000, 0x00000000c3e80000, 0x00000000eab00000)
  object space 64000K, 3% used [0x00000000c0000000,0x00000000c0202380,0x00000000c3e80000)
 Metaspace       used 10110K, capacity 10246K, committed 10368K, reserved 1058816K
  class space    used 1299K, capacity 1345K, committed 1408K, reserved 1048576K
Event: 3.537 GC heap after
Heap after GC invocations=9 (full 0):
 PSYoungGen      total 9728K, used 160K [0x00000000eab00000, 0x00000000ebb00000, 0x0000000100000000)
  eden space 8192K, 0% used [0x00000000eab00000,0x00000000eab00000,0x00000000eb300000)
  from space 1536K, 10% used [0x00000000eb300000,0x00000000eb328000,0x00000000eb480000)
  to   space 1536K, 0% used [0x00000000eb980000,0x00000000eb980000,0x00000000ebb00000)
 ParOldGen       total 64000K, used 2275K [0x00000000c0000000, 0x00000000c3e80000, 0x00000000eab00000)
  object space 64000K, 3% used [0x00000000c0000000,0x00000000c0238c40,0x00000000c3e80000)
 Metaspace       used 10110K, capacity 10246K, committed 10368K, reserved 1058816K
  class space    used 1299K, capacity 1345K, committed 1408K, reserved 1048576K
}
Event: 15.107 GC heap before
{Heap before GC invocations=10 (full 0):
 PSYoungGen      total 9728K, used 8344K [0x00000000eab00000, 0x00000000ebb00000, 0x0000000100000000)
  eden space 8192K, 99% used [0x00000000eab00000,0x00000000eb2fe3d0,0x00000000eb300000)
  from space 1536K, 10% used [0x00000000eb300000,0x00000000eb328000,0x00000000eb480000)
  to   space 1536K, 0% used [0x00000000eb980000,0x00000000eb980000,0x00000000ebb00000)
 ParOldGen       total 64000K, used 2275K [0x00000000c0000000, 0x00000000c3e80000, 0x00000000eab00000)
  object space 64000K, 3% used [0x00000000c0000000,0x00000000c0238c40,0x00000000c3e80000)
 Metaspace       used 11225K, capacity 11366K, committed 11520K, reserved 1058816K
  class space    used 1405K, capacity 1441K, committed 1536K, reserved 1048576K
Event: 15.110 GC heap after
Heap after GC invocations=10 (full 0):
 PSYoungGen      total 14336K, used 1524K [0x00000000eab00000, 0x00000000ebc00000, 0x0000000100000000)
  eden space 12800K, 0% used [0x00000000eab00000,0x00000000eab00000,0x00000000eb780000)
  from space 1536K, 99% used [0x00000000eb980000,0x00000000ebafd088,0x00000000ebb00000)
  to   space 2048K, 0% used [0x00000000eb780000,0x00000000eb780000,0x00000000eb980000)
 ParOldGen       total 64000K, used 2487K [0x00000000c0000000, 0x00000000c3e80000, 0x00000000eab00000)
  object space 64000K, 3% used [0x00000000c0000000,0x00000000c026dc10,0x00000000c3e80000)
 Metaspace       used 11225K, capacity 11366K, committed 11520K, reserved 1058816K
  class space    used 1405K, capacity 1441K, committed 1536K, reserved 1048576K
}
Event: 56.676 GC heap before
{Heap before GC invocations=11 (full 0):
 PSYoungGen      total 14336K, used 14324K [0x00000000eab00000, 0x00000000ebc00000, 0x0000000100000000)
  eden space 12800K, 100% used [0x00000000eab00000,0x00000000eb780000,0x00000000eb780000)
  from space 1536K, 99% used [0x00000000eb980000,0x00000000ebafd088,0x00000000ebb00000)
  to   space 2048K, 0% used [0x00000000eb780000,0x00000000eb780000,0x00000000eb980000)
 ParOldGen       total 64000K, used 2487K [0x00000000c0000000, 0x00000000c3e80000, 0x00000000eab00000)
  object space 64000K, 3% used [0x00000000c0000000,0x00000000c026dc10,0x00000000c3e80000)
 Metaspace       used 11720K, capacity 11846K, committed 12032K, reserved 1060864K
  class space    used 1412K, capacity 1473K, committed 1536K, reserved 1048576K
Event: 56.678 GC heap after
Heap after GC invocations=11 (full 0):
 PSYoungGen      total 14848K, used 2032K [0x00000000eab00000, 0x00000000ec300000, 0x0000000100000000)
  eden space 12800K, 0% used [0x00000000eab00000,0x00000000eab00000,0x00000000eb780000)
  from space 2048K, 99% used [0x00000000eb780000,0x00000000eb97c130,0x00000000eb980000)
  to   space 2048K, 0% used [0x00000000ec100000,0x00000000ec100000,0x00000000ec300000)
 ParOldGen       total 64000K, used 4173K [0x00000000c0000000, 0x00000000c3e80000, 0x00000000eab00000)
  object space 64000K, 6% used [0x00000000c0000000,0x00000000c0413538,0x00000000c3e80000)
 Metaspace       used 11720K, capacity 11846K, committed 12032K, reserved 1060864K
  class space    used 1412K, capacity 1473K, committed 1536K, reserved 1048576K
}

