# JRE version: Java(TM) SE Runtime Environment (8.0_11-b12) (build 1.8.0_11-b12)
# Java VM: Java HotSpot(TM) 64-Bit Server VM (25.11-b03 mixed mode windows-amd64 compressed oops)
Heap:
 PSYoungGen      total 11776K, used 8246K [0x00000000eab00000, 0x00000000eb800000, 0x0000000100000000)
  eden space 10240K, 79% used [0x00000000eab00000,0x00000000eb2ed940,0x00000000eb500000)
  from space 1536K, 8% used [0x00000000eb680000,0x00000000eb6a0000,0x00000000eb800000)
  to   space 1536K, 0% used [0x00000000eb500000,0x00000000eb500000,0x00000000eb680000)
 ParOldGen       total 64000K, used 2215K [0x00000000c0000000, 0x00000000c3e80000, 0x00000000eab00000)
  object space 64000K, 3% used [0x00000000c0000000,0x00000000c0229c98,0x00000000c3e80000)
 Metaspace       used 11418K, capacity 11558K, committed 11776K, reserved 1058816K
  class space    used 1405K, capacity 1441K, committed 1536K, reserved 1048576K
GC Heap History (10 events):
Event: 4.299 GC heap before
{Heap before GC invocations=8 (full 0):
 PSYoungGen      total 3072K, used 2876K [0x00000000eab00000, 0x00000000eb100000, 0x0000000100000000)
  eden space 2048K, 97% used [0x00000000eab00000,0x00000000eacf45b0,0x00000000ead00000)
  from space 1024K, 85% used [0x00000000ead00000,0x00000000eaddac90,0x00000000eae00000)
  to   space 1024K, 0% used [0x00000000eb000000,0x00000000eb000000,0x00000000eb100000)
 ParOldGen       total 64000K, used 1500K [0x00000000c0000000, 0x00000000c3e80000, 0x00000000eab00000)
  object space 64000K, 2% used [0x00000000c0000000,0x00000000c0177090,0x00000000c3e80000)
 Metaspace       used 9962K, capacity 10082K, committed 10368K, reserved 1058816K
  class space    used 1295K, capacity 1339K, committed 1408K, reserved 1048576K
Event: 4.303 GC heap after
Heap after GC invocations=8 (full 0):
 PSYoungGen      total 4608K, used 544K [0x00000000eab00000, 0x00000000eb200000, 0x0000000100000000)
  eden space 3584K, 0% used [0x00000000eab00000,0x00000000eab00000,0x00000000eae80000)
  from space 1024K, 53% used [0x00000000eb000000,0x00000000eb088010,0x00000000eb100000)
  to   space 1536K, 0% used [0x00000000eae80000,0x00000000eae80000,0x00000000eb000000)
 ParOldGen       total 64000K, used 1612K [0x00000000c0000000, 0x00000000c3e80000, 0x00000000eab00000)
  object space 64000K, 2% used [0x00000000c0000000,0x00000000c0193090,0x00000000c3e80000)
 Metaspace       used 9962K, capacity 10082K, committed 10368K, reserved 1058816K
  class space    used 1295K, capacity 1339K, committed 1408K, reserved 1048576K
}
Event: 4.321 GC heap before
{Heap before GC invocations=9 (full 0):
 PSYoungGen      total 4608K, used 4128K [0x00000000eab00000, 0x00000000eb200000, 0x0000000100000000)
  eden space 3584K, 100% used [0x00000000eab00000,0x00000000eae80000,0x00000000eae80000)
  from space 1024K, 53% used [0x00000000eb000000,0x00000000eb088010,0x00000000eb100000)
  to   space 1536K, 0% used [0x00000000eae80000,0x00000000eae80000,0x00000000eb000000)
 ParOldGen       total 64000K, used 1612K [0x00000000c0000000, 0x00000000c3e80000, 0x00000000eab00000)
  object space 64000K, 2% used [0x00000000c0000000,0x00000000c0193090,0x00000000c3e80000)
 Metaspace       used 10007K, capacity 10182K, committed 10368K, reserved 1058816K
  class space    used 1299K, capacity 1345K, committed 1408K, reserved 1048576K
Event: 4.322 GC heap after
Heap after GC invocations=9 (full 0):
 PSYoungGen      total 5120K, used 509K [0x00000000eab00000, 0x00000000eb400000, 0x0000000100000000)
  eden space 3584K, 0% used [0x00000000eab00000,0x00000000eab00000,0x00000000eae80000)
  from space 1536K, 33% used [0x00000000eae80000,0x00000000eaeff428,0x00000000eb000000)
  to   space 1536K, 0% used [0x00000000eb280000,0x00000000eb280000,0x00000000eb400000)
 ParOldGen       total 64000K, used 1864K [0x00000000c0000000, 0x00000000c3e80000, 0x00000000eab00000)
  object space 64000K, 2% used [0x00000000c0000000,0x00000000c01d23b8,0x00000000c3e80000)
 Metaspace       used 10007K, capacity 10182K, committed 10368K, reserved 1058816K
  class space    used 1299K, capacity 1345K, committed 1408K, reserved 1048576K
}
Event: 4.339 GC heap before
{Heap before GC invocations=10 (full 0):
 PSYoungGen      total 5120K, used 4091K [0x00000000eab00000, 0x00000000eb400000, 0x0000000100000000)
  eden space 3584K, 99% used [0x00000000eab00000,0x00000000eae7f8b0,0x00000000eae80000)
  from space 1536K, 33% used [0x00000000eae80000,0x00000000eaeff428,0x00000000eb000000)
  to   space 1536K, 0% used [0x00000000eb280000,0x00000000eb280000,0x00000000eb400000)
 ParOldGen       total 64000K, used 1864K [0x00000000c0000000, 0x00000000c3e80000, 0x00000000eab00000)
  object space 64000K, 2% used [0x00000000c0000000,0x00000000c01d23b8,0x00000000c3e80000)
 Metaspace       used 10041K, capacity 10182K, committed 10368K, reserved 1058816K
  class space    used 1299K, capacity 1345K, committed 1408K, reserved 1048576K
Event: 4.346 GC heap after
Heap after GC invocations=10 (full 0):
 PSYoungGen      total 7680K, used 253K [0x00000000eab00000, 0x00000000eb400000, 0x0000000100000000)
  eden space 6144K, 0% used [0x00000000eab00000,0x00000000eab00000,0x00000000eb100000)
  from space 1536K, 16% used [0x00000000eb280000,0x00000000eb2bf418,0x00000000eb400000)
  to   space 1536K, 0% used [0x00000000eb100000,0x00000000eb100000,0x00000000eb280000)
 ParOldGen       total 64000K, used 2175K [0x00000000c0000000, 0x00000000c3e80000, 0x00000000eab00000)
  object space 64000K, 3% used [0x00000000c0000000,0x00000000c021fc98,0x00000000c3e80000)
 Metaspace       used 10041K, capacity 10182K, committed 10368K, reserved 1058816K
  class space    used 1299K, capacity 1345K, committed 1408K, reserved 1048576K
}
Event: 4.378 GC heap before
{Heap before GC invocations=11 (full 0):
 PSYoungGen      total 7680K, used 6397K [0x00000000eab00000, 0x00000000eb400000, 0x0000000100000000)
  eden space 6144K, 100% used [0x00000000eab00000,0x00000000eb100000,0x00000000eb100000)
  from space 1536K, 16% used [0x00000000eb280000,0x00000000eb2bf418,0x00000000eb400000)
  to   space 1536K, 0% used [0x00000000eb100000,0x00000000eb100000,0x00000000eb280000)
 ParOldGen       total 64000K, used 2175K [0x00000000c0000000, 0x00000000c3e80000, 0x00000000eab00000)
  object space 64000K, 3% used [0x00000000c0000000,0x00000000c021fc98,0x00000000c3e80000)
 Metaspace       used 10090K, capacity 10246K, committed 10368K, reserved 1058816K
  class space    used 1299K, capacity 1345K, committed 1408K, reserved 1048576K
Event: 4.379 GC heap after
Heap after GC invocations=11 (full 0):
 PSYoungGen      total 7680K, used 160K [0x00000000eab00000, 0x00000000eb800000, 0x0000000100000000)
  eden space 6144K, 0% used [0x00000000eab00000,0x00000000eab00000,0x00000000eb100000)
  from space 1536K, 10% used [0x00000000eb100000,0x00000000eb128000,0x00000000eb280000)
  to   space 1536K, 0% used [0x00000000eb680000,0x00000000eb680000,0x00000000eb800000)
 ParOldGen       total 64000K, used 2207K [0x00000000c0000000, 0x00000000c3e80000, 0x00000000eab00000)
  object space 64000K, 3% used [0x00000000c0000000,0x00000000c0227c98,0x00000000c3e80000)
 Metaspace       used 10090K, capacity 10246K, committed 10368K, reserved 1058816K
  class space    used 1299K, capacity 1345K, committed 1408K, reserved 1048576K
}
Event: 4.403 GC heap before
{Heap before GC invocations=12 (full 0):
 PSYoungGen      total 7680K, used 5787K [0x00000000eab00000, 0x00000000eb800000, 0x0000000100000000)
  eden space 6144K, 91% used [0x00000000eab00000,0x00000000eb07ee70,0x00000000eb100000)
  from space 1536K, 10% used [0x00000000eb100000,0x00000000eb128000,0x00000000eb280000)
  to   space 1536K, 0% used [0x00000000eb680000,0x00000000eb680000,0x00000000eb800000)
 ParOldGen       total 64000K, used 2207K [0x00000000c0000000, 0x00000000c3e80000, 0x00000000eab00000)
  object space 64000K, 3% used [0x00000000c0000000,0x00000000c0227c98,0x00000000c3e80000)
 Metaspace       used 10136K, capacity 10246K, committed 10368K, reserved 1058816K
  class space    used 1302K, capacity 1345K, committed 1408K, reserved 1048576K
Event: 4.420 GC heap after
Heap after GC invocations=12 (full 0):
 PSYoungGen      total 11776K, used 128K [0x00000000eab00000, 0x00000000eb800000, 0x0000000100000000)
  eden space 10240K, 0% used [0x00000000eab00000,0x00000000eab00000,0x00000000eb500000)
  from space 1536K, 8% used [0x00000000eb680000,0x00000000eb6a0000,0x00000000eb800000)
  to   space 1536K, 0% used [0x00000000eb500000,0x00000000eb500000,0x00000000eb680000)
 ParOldGen       total 64000K, used 2215K [0x00000000c0000000, 0x00000000c3e80000, 0x00000000eab00000)
  object space 64000K, 3% used [0x00000000c0000000,0x00000000c0229c98,0x00000000c3e80000)
 Metaspace       used 10136K, capacity 10246K, committed 10368K, reserved 1058816K
  class space    used 1302K, capacity 1345K, committed 1408K, reserved 1048576K
}

