# JRE version: Java(TM) SE Runtime Environment (8.0_11-b12) (build 1.8.0_11-b12)
# Java VM: Java HotSpot(TM) 64-Bit Server VM (25.11-b03 mixed mode windows-amd64 compressed oops)
Heap:
 PSYoungGen      total 14848K, used 8671K [0x00000000eab00000, 0x00000000ec600000, 0x0000000100000000)
  eden space 13312K, 53% used [0x00000000eab00000,0x00000000eb1fb7e8,0x00000000eb800000)
  from space 1536K, 99% used [0x00000000eb800000,0x00000000eb97c498,0x00000000eb980000)
  to   space 3072K, 0% used [0x00000000ec300000,0x00000000ec300000,0x00000000ec600000)
 ParOldGen       total 64000K, used 5069K [0x00000000c0000000, 0x00000000c3e80000, 0x00000000eab00000)
  object space 64000K, 7% used [0x00000000c0000000,0x00000000c04f34d0,0x00000000c3e80000)
 Metaspace       used 11528K, capacity 11686K, committed 12032K, reserved 1060864K
  class space    used 1393K, capacity 1441K, committed 1536K, reserved 1048576K
GC Heap History (10 events):
Event: 3.747 GC heap before
{Heap before GC invocations=7 (full 0):
 PSYoungGen      total 5632K, used 4640K [0x00000000eab00000, 0x00000000eb200000, 0x0000000100000000)
  eden space 4096K, 97% used [0x00000000eab00000,0x00000000eaee42d0,0x00000000eaf00000)
  from space 1536K, 42% used [0x00000000eb080000,0x00000000eb124040,0x00000000eb200000)
  to   space 1536K, 0% used [0x00000000eaf00000,0x00000000eaf00000,0x00000000eb080000)
 ParOldGen       total 64000K, used 1693K [0x00000000c0000000, 0x00000000c3e80000, 0x00000000eab00000)
  object space 64000K, 2% used [0x00000000c0000000,0x00000000c01a7528,0x00000000c3e80000)
 Metaspace       used 9831K, capacity 9958K, committed 10112K, reserved 1058816K
  class space    used 1281K, capacity 1313K, committed 1408K, reserved 1048576K
Event: 3.748 GC heap after
Heap after GC invocations=7 (full 0):
 PSYoungGen      total 5632K, used 352K [0x00000000eab00000, 0x00000000eb600000, 0x0000000100000000)
  eden space 4096K, 0% used [0x00000000eab00000,0x00000000eab00000,0x00000000eaf00000)
  from space 1536K, 22% used [0x00000000eaf00000,0x00000000eaf58000,0x00000000eb080000)
  to   space 1536K, 0% used [0x00000000eb480000,0x00000000eb480000,0x00000000eb600000)
 ParOldGen       total 64000K, used 2021K [0x00000000c0000000, 0x00000000c3e80000, 0x00000000eab00000)
  object space 64000K, 3% used [0x00000000c0000000,0x00000000c01f9588,0x00000000c3e80000)
 Metaspace       used 9831K, capacity 9958K, committed 10112K, reserved 1058816K
  class space    used 1281K, capacity 1313K, committed 1408K, reserved 1048576K
}
Event: 3.770 GC heap before
{Heap before GC invocations=8 (full 0):
 PSYoungGen      total 5632K, used 4428K [0x00000000eab00000, 0x00000000eb600000, 0x0000000100000000)
  eden space 4096K, 99% used [0x00000000eab00000,0x00000000eaefb2c8,0x00000000eaf00000)
  from space 1536K, 22% used [0x00000000eaf00000,0x00000000eaf58000,0x00000000eb080000)
  to   space 1536K, 0% used [0x00000000eb480000,0x00000000eb480000,0x00000000eb600000)
 ParOldGen       total 64000K, used 2021K [0x00000000c0000000, 0x00000000c3e80000, 0x00000000eab00000)
  object space 64000K, 3% used [0x00000000c0000000,0x00000000c01f9588,0x00000000c3e80000)
 Metaspace       used 9873K, capacity 10022K, committed 10368K, reserved 1058816K
  class space    used 1281K, capacity 1313K, committed 1408K, reserved 1048576K
Event: 3.772 GC heap after
Heap after GC invocations=8 (full 0):
 PSYoungGen      total 9728K, used 462K [0x00000000eab00000, 0x00000000eb600000, 0x0000000100000000)
  eden space 8192K, 0% used [0x00000000eab00000,0x00000000eab00000,0x00000000eb300000)
  from space 1536K, 30% used [0x00000000eb480000,0x00000000eb4f39a0,0x00000000eb600000)
  to   space 1536K, 0% used [0x00000000eb300000,0x00000000eb300000,0x00000000eb480000)
 ParOldGen       total 64000K, used 2137K [0x00000000c0000000, 0x00000000c3e80000, 0x00000000eab00000)
  object space 64000K, 3% used [0x00000000c0000000,0x00000000c0216598,0x00000000c3e80000)
 Metaspace       used 9873K, capacity 10022K, committed 10368K, reserved 1058816K
  class space    used 1281K, capacity 1313K, committed 1408K, reserved 1048576K
}
Event: 3.809 GC heap before
{Heap before GC invocations=9 (full 0):
 PSYoungGen      total 9728K, used 8635K [0x00000000eab00000, 0x00000000eb600000, 0x0000000100000000)
  eden space 8192K, 99% used [0x00000000eab00000,0x00000000eb2fb488,0x00000000eb300000)
  from space 1536K, 30% used [0x00000000eb480000,0x00000000eb4f39a0,0x00000000eb600000)
  to   space 1536K, 0% used [0x00000000eb300000,0x00000000eb300000,0x00000000eb480000)
 ParOldGen       total 64000K, used 2137K [0x00000000c0000000, 0x00000000c3e80000, 0x00000000eab00000)
  object space 64000K, 3% used [0x00000000c0000000,0x00000000c0216598,0x00000000c3e80000)
 Metaspace       used 9929K, capacity 10086K, committed 10368K, reserved 1058816K
  class space    used 1281K, capacity 1313K, committed 1408K, reserved 1048576K
Event: 3.809 GC heap after
Heap after GC invocations=9 (full 0):
 PSYoungGen      total 9728K, used 160K [0x00000000eab00000, 0x00000000ebb00000, 0x0000000100000000)
  eden space 8192K, 0% used [0x00000000eab00000,0x00000000eab00000,0x00000000eb300000)
  from space 1536K, 10% used [0x00000000eb300000,0x00000000eb328000,0x00000000eb480000)
  to   space 1536K, 0% used [0x00000000eb980000,0x00000000eb980000,0x00000000ebb00000)
 ParOldGen       total 64000K, used 2299K [0x00000000c0000000, 0x00000000c3e80000, 0x00000000eab00000)
  object space 64000K, 3% used [0x00000000c0000000,0x00000000c023ee58,0x00000000c3e80000)
 Metaspace       used 9929K, capacity 10086K, committed 10368K, reserved 1058816K
  class space    used 1281K, capacity 1313K, committed 1408K, reserved 1048576K
}
Event: 13.294 GC heap before
{Heap before GC invocations=10 (full 0):
 PSYoungGen      total 9728K, used 8352K [0x00000000eab00000, 0x00000000ebb00000, 0x0000000100000000)
  eden space 8192K, 100% used [0x00000000eab00000,0x00000000eb300000,0x00000000eb300000)
  from space 1536K, 10% used [0x00000000eb300000,0x00000000eb328000,0x00000000eb480000)
  to   space 1536K, 0% used [0x00000000eb980000,0x00000000eb980000,0x00000000ebb00000)
 ParOldGen       total 64000K, used 2299K [0x00000000c0000000, 0x00000000c3e80000, 0x00000000eab00000)
  object space 64000K, 3% used [0x00000000c0000000,0x00000000c023ee58,0x00000000c3e80000)
 Metaspace       used 11233K, capacity 11366K, committed 11520K, reserved 1058816K
  class space    used 1392K, capacity 1441K, committed 1536K, reserved 1048576K
Event: 13.296 GC heap after
Heap after GC invocations=10 (full 0):
 PSYoungGen      total 14848K, used 1410K [0x00000000eab00000, 0x00000000ebb00000, 0x0000000100000000)
  eden space 13312K, 0% used [0x00000000eab00000,0x00000000eab00000,0x00000000eb800000)
  from space 1536K, 91% used [0x00000000eb980000,0x00000000ebae0b88,0x00000000ebb00000)
  to   space 1536K, 0% used [0x00000000eb800000,0x00000000eb800000,0x00000000eb980000)
 ParOldGen       total 64000K, used 2371K [0x00000000c0000000, 0x00000000c3e80000, 0x00000000eab00000)
  object space 64000K, 3% used [0x00000000c0000000,0x00000000c0250e68,0x00000000c3e80000)
 Metaspace       used 11233K, capacity 11366K, committed 11520K, reserved 1058816K
  class space    used 1392K, capacity 1441K, committed 1536K, reserved 1048576K
}
Event: 177.534 GC heap before
{Heap before GC invocations=11 (full 0):
 PSYoungGen      total 14848K, used 14722K [0x00000000eab00000, 0x00000000ebb00000, 0x0000000100000000)
  eden space 13312K, 100% used [0x00000000eab00000,0x00000000eb800000,0x00000000eb800000)
  from space 1536K, 91% used [0x00000000eb980000,0x00000000ebae0b88,0x00000000ebb00000)
  to   space 1536K, 0% used [0x00000000eb800000,0x00000000eb800000,0x00000000eb980000)
 ParOldGen       total 64000K, used 2371K [0x00000000c0000000, 0x00000000c3e80000, 0x00000000eab00000)
  object space 64000K, 3% used [0x00000000c0000000,0x00000000c0250e68,0x00000000c3e80000)
 Metaspace       used 11506K, capacity 11622K, committed 11776K, reserved 1058816K
  class space    used 1392K, capacity 1441K, committed 1536K, reserved 1048576K
Event: 177.539 GC heap after
Heap after GC invocations=11 (full 0):
 PSYoungGen      total 14848K, used 1521K [0x00000000eab00000, 0x00000000ec600000, 0x0000000100000000)
  eden space 13312K, 0% used [0x00000000eab00000,0x00000000eab00000,0x00000000eb800000)
  from space 1536K, 99% used [0x00000000eb800000,0x00000000eb97c498,0x00000000eb980000)
  to   space 3072K, 0% used [0x00000000ec300000,0x00000000ec300000,0x00000000ec600000)
 ParOldGen       total 64000K, used 5069K [0x00000000c0000000, 0x00000000c3e80000, 0x00000000eab00000)
  object space 64000K, 7% used [0x00000000c0000000,0x00000000c04f34d0,0x00000000c3e80000)
 Metaspace       used 11506K, capacity 11622K, committed 11776K, reserved 1058816K
  class space    used 1392K, capacity 1441K, committed 1536K, reserved 1048576K
}

