# JRE version: Java(TM) SE Runtime Environment (8.0_11-b12) (build 1.8.0_11-b12)
# Java VM: Java HotSpot(TM) 64-Bit Server VM (25.11-b03 mixed mode windows-amd64 compressed oops)
Heap:
 PSYoungGen      total 12288K, used 8955K [0x00000000eab00000, 0x00000000eb880000, 0x0000000100000000)
  eden space 10752K, 80% used [0x00000000eab00000,0x00000000eb36edc8,0x00000000eb580000)
  from space 1536K, 20% used [0x00000000eb700000,0x00000000eb750000,0x00000000eb880000)
  to   space 1536K, 0% used [0x00000000eb580000,0x00000000eb580000,0x00000000eb700000)
 ParOldGen       total 64000K, used 2118K [0x00000000c0000000, 0x00000000c3e80000, 0x00000000eab00000)
  object space 64000K, 3% used [0x00000000c0000000,0x00000000c0211930,0x00000000c3e80000)
 Metaspace       used 11419K, capacity 11558K, committed 11776K, reserved 1058816K
  class space    used 1393K, capacity 1441K, committed 1536K, reserved 1048576K
GC Heap History (10 events):
Event: 3.434 GC heap before
{Heap before GC invocations=8 (full 0):
 PSYoungGen      total 3584K, used 2685K [0x00000000eab00000, 0x00000000eb200000, 0x0000000100000000)
  eden space 2048K, 99% used [0x00000000eab00000,0x00000000eacff7e0,0x00000000ead00000)
  from space 1536K, 41% used [0x00000000ead00000,0x00000000eada0000,0x00000000eae80000)
  to   space 1536K, 0% used [0x00000000eb080000,0x00000000eb080000,0x00000000eb200000)
 ParOldGen       total 64000K, used 1472K [0x00000000c0000000, 0x00000000c3e80000, 0x00000000eab00000)
  object space 64000K, 2% used [0x00000000c0000000,0x00000000c0170070,0x00000000c3e80000)
 Metaspace       used 9784K, capacity 9922K, committed 10112K, reserved 1058816K
  class space    used 1278K, capacity 1307K, committed 1408K, reserved 1048576K
Event: 3.437 GC heap after
Heap after GC invocations=8 (full 0):
 PSYoungGen      total 5632K, used 448K [0x00000000eab00000, 0x00000000eb200000, 0x0000000100000000)
  eden space 4096K, 0% used [0x00000000eab00000,0x00000000eab00000,0x00000000eaf00000)
  from space 1536K, 29% used [0x00000000eb080000,0x00000000eb0f0000,0x00000000eb200000)
  to   space 1536K, 0% used [0x00000000eaf00000,0x00000000eaf00000,0x00000000eb080000)
 ParOldGen       total 64000K, used 1628K [0x00000000c0000000, 0x00000000c3e80000, 0x00000000eab00000)
  object space 64000K, 2% used [0x00000000c0000000,0x00000000c0197080,0x00000000c3e80000)
 Metaspace       used 9784K, capacity 9922K, committed 10112K, reserved 1058816K
  class space    used 1278K, capacity 1307K, committed 1408K, reserved 1048576K
}
Event: 3.458 GC heap before
{Heap before GC invocations=9 (full 0):
 PSYoungGen      total 5632K, used 4520K [0x00000000eab00000, 0x00000000eb200000, 0x0000000100000000)
  eden space 4096K, 99% used [0x00000000eab00000,0x00000000eaefa2e8,0x00000000eaf00000)
  from space 1536K, 29% used [0x00000000eb080000,0x00000000eb0f0000,0x00000000eb200000)
  to   space 1536K, 0% used [0x00000000eaf00000,0x00000000eaf00000,0x00000000eb080000)
 ParOldGen       total 64000K, used 1628K [0x00000000c0000000, 0x00000000c3e80000, 0x00000000eab00000)
  object space 64000K, 2% used [0x00000000c0000000,0x00000000c0197080,0x00000000c3e80000)
 Metaspace       used 9838K, capacity 9958K, committed 10112K, reserved 1058816K
  class space    used 1281K, capacity 1313K, committed 1408K, reserved 1048576K
Event: 3.460 GC heap after
Heap after GC invocations=9 (full 0):
 PSYoungGen      total 5632K, used 256K [0x00000000eab00000, 0x00000000eb480000, 0x0000000100000000)
  eden space 4096K, 0% used [0x00000000eab00000,0x00000000eab00000,0x00000000eaf00000)
  from space 1536K, 16% used [0x00000000eaf00000,0x00000000eaf40000,0x00000000eb080000)
  to   space 1536K, 0% used [0x00000000eb300000,0x00000000eb300000,0x00000000eb480000)
 ParOldGen       total 64000K, used 1884K [0x00000000c0000000, 0x00000000c3e80000, 0x00000000eab00000)
  object space 64000K, 2% used [0x00000000c0000000,0x00000000c01d7080,0x00000000c3e80000)
 Metaspace       used 9838K, capacity 9958K, committed 10112K, reserved 1058816K
  class space    used 1281K, capacity 1313K, committed 1408K, reserved 1048576K
}
Event: 3.479 GC heap before
{Heap before GC invocations=10 (full 0):
 PSYoungGen      total 5632K, used 4352K [0x00000000eab00000, 0x00000000eb480000, 0x0000000100000000)
  eden space 4096K, 100% used [0x00000000eab00000,0x00000000eaf00000,0x00000000eaf00000)
  from space 1536K, 16% used [0x00000000eaf00000,0x00000000eaf40000,0x00000000eb080000)
  to   space 1536K, 0% used [0x00000000eb300000,0x00000000eb300000,0x00000000eb480000)
 ParOldGen       total 64000K, used 1884K [0x00000000c0000000, 0x00000000c3e80000, 0x00000000eab00000)
  object space 64000K, 2% used [0x00000000c0000000,0x00000000c01d7080,0x00000000c3e80000)
 Metaspace       used 9881K, capacity 10022K, committed 10368K, reserved 1058816K
  class space    used 1281K, capacity 1313K, committed 1408K, reserved 1048576K
Event: 3.481 GC heap after
Heap after GC invocations=10 (full 0):
 PSYoungGen      total 8192K, used 128K [0x00000000eab00000, 0x00000000eb480000, 0x0000000100000000)
  eden space 6656K, 0% used [0x00000000eab00000,0x00000000eab00000,0x00000000eb180000)
  from space 1536K, 8% used [0x00000000eb300000,0x00000000eb320000,0x00000000eb480000)
  to   space 1536K, 0% used [0x00000000eb180000,0x00000000eb180000,0x00000000eb300000)
 ParOldGen       total 64000K, used 2054K [0x00000000c0000000, 0x00000000c3e80000, 0x00000000eab00000)
  object space 64000K, 3% used [0x00000000c0000000,0x00000000c0201930,0x00000000c3e80000)
 Metaspace       used 9881K, capacity 10022K, committed 10368K, reserved 1058816K
  class space    used 1281K, capacity 1313K, committed 1408K, reserved 1048576K
}
Event: 3.515 GC heap before
{Heap before GC invocations=11 (full 0):
 PSYoungGen      total 8192K, used 6784K [0x00000000eab00000, 0x00000000eb480000, 0x0000000100000000)
  eden space 6656K, 100% used [0x00000000eab00000,0x00000000eb180000,0x00000000eb180000)
  from space 1536K, 8% used [0x00000000eb300000,0x00000000eb320000,0x00000000eb480000)
  to   space 1536K, 0% used [0x00000000eb180000,0x00000000eb180000,0x00000000eb300000)
 ParOldGen       total 64000K, used 2054K [0x00000000c0000000, 0x00000000c3e80000, 0x00000000eab00000)
  object space 64000K, 3% used [0x00000000c0000000,0x00000000c0201930,0x00000000c3e80000)
 Metaspace       used 9920K, capacity 10022K, committed 10368K, reserved 1058816K
  class space    used 1281K, capacity 1313K, committed 1408K, reserved 1048576K
Event: 3.516 GC heap after
Heap after GC invocations=11 (full 0):
 PSYoungGen      total 8192K, used 253K [0x00000000eab00000, 0x00000000eb880000, 0x0000000100000000)
  eden space 6656K, 0% used [0x00000000eab00000,0x00000000eab00000,0x00000000eb180000)
  from space 1536K, 16% used [0x00000000eb180000,0x00000000eb1bf418,0x00000000eb300000)
  to   space 1536K, 0% used [0x00000000eb700000,0x00000000eb700000,0x00000000eb880000)
 ParOldGen       total 64000K, used 2086K [0x00000000c0000000, 0x00000000c3e80000, 0x00000000eab00000)
  object space 64000K, 3% used [0x00000000c0000000,0x00000000c0209930,0x00000000c3e80000)
 Metaspace       used 9920K, capacity 10022K, committed 10368K, reserved 1058816K
  class space    used 1281K, capacity 1313K, committed 1408K, reserved 1048576K
}
Event: 17.188 GC heap before
{Heap before GC invocations=12 (full 0):
 PSYoungGen      total 8192K, used 6909K [0x00000000eab00000, 0x00000000eb880000, 0x0000000100000000)
  eden space 6656K, 99% used [0x00000000eab00000,0x00000000eb17fff8,0x00000000eb180000)
  from space 1536K, 16% used [0x00000000eb180000,0x00000000eb1bf418,0x00000000eb300000)
  to   space 1536K, 0% used [0x00000000eb700000,0x00000000eb700000,0x00000000eb880000)
 ParOldGen       total 64000K, used 2086K [0x00000000c0000000, 0x00000000c3e80000, 0x00000000eab00000)
  object space 64000K, 3% used [0x00000000c0000000,0x00000000c0209930,0x00000000c3e80000)
 Metaspace       used 10601K, capacity 10726K, committed 10880K, reserved 1058816K
  class space    used 1319K, capacity 1377K, committed 1408K, reserved 1048576K
Event: 17.189 GC heap after
Heap after GC invocations=12 (full 0):
 PSYoungGen      total 12288K, used 320K [0x00000000eab00000, 0x00000000eb880000, 0x0000000100000000)
  eden space 10752K, 0% used [0x00000000eab00000,0x00000000eab00000,0x00000000eb580000)
  from space 1536K, 20% used [0x00000000eb700000,0x00000000eb750000,0x00000000eb880000)
  to   space 1536K, 0% used [0x00000000eb580000,0x00000000eb580000,0x00000000eb700000)
 ParOldGen       total 64000K, used 2118K [0x00000000c0000000, 0x00000000c3e80000, 0x00000000eab00000)
  object space 64000K, 3% used [0x00000000c0000000,0x00000000c0211930,0x00000000c3e80000)
 Metaspace       used 10601K, capacity 10726K, committed 10880K, reserved 1058816K
  class space    used 1319K, capacity 1377K, committed 1408K, reserved 1048576K
}

