# JRE version: Java(TM) SE Runtime Environment (8.0_11-b12) (build 1.8.0_11-b12)
# Java VM: Java HotSpot(TM) 64-Bit Server VM (25.11-b03 mixed mode windows-amd64 compressed oops)
Heap:
 PSYoungGen      total 13824K, used 2622K [0x00000000eab00000, 0x00000000ebd00000, 0x0000000100000000)
  eden space 12288K, 8% used [0x00000000eab00000,0x00000000eac11238,0x00000000eb700000)
  from space 1536K, 99% used [0x00000000eb980000,0x00000000ebafe850,0x00000000ebb00000)
  to   space 2560K, 0% used [0x00000000eb700000,0x00000000eb700000,0x00000000eb980000)
 ParOldGen       total 64000K, used 3774K [0x00000000c0000000, 0x00000000c3e80000, 0x00000000eab00000)
  object space 64000K, 5% used [0x00000000c0000000,0x00000000c03af970,0x00000000c3e80000)
 Metaspace       used 11520K, capacity 11658K, committed 11776K, reserved 1058816K
  class space    used 1412K, capacity 1473K, committed 1536K, reserved 1048576K
GC Heap History (10 events):
Event: 3.000 GC heap before
{Heap before GC invocations=6 (full 0):
 PSYoungGen      total 2560K, used 2552K [0x00000000eab00000, 0x00000000eb200000, 0x0000000100000000)
  eden space 2048K, 100% used [0x00000000eab00000,0x00000000ead00000,0x00000000ead00000)
  from space 512K, 98% used [0x00000000ead00000,0x00000000ead7e030,0x00000000ead80000)
  to   space 1536K, 0% used [0x00000000eb080000,0x00000000eb080000,0x00000000eb200000)
 ParOldGen       total 64000K, used 1634K [0x00000000c0000000, 0x00000000c3e80000, 0x00000000eab00000)
  object space 64000K, 2% used [0x00000000c0000000,0x00000000c0198ae0,0x00000000c3e80000)
 Metaspace       used 9951K, capacity 10086K, committed 10368K, reserved 1058816K
  class space    used 1295K, capacity 1339K, committed 1408K, reserved 1048576K
Event: 3.001 GC heap after
Heap after GC invocations=6 (full 0):
 PSYoungGen      total 5632K, used 728K [0x00000000eab00000, 0x00000000eb200000, 0x0000000100000000)
  eden space 4096K, 0% used [0x00000000eab00000,0x00000000eab00000,0x00000000eaf00000)
  from space 1536K, 47% used [0x00000000eb080000,0x00000000eb136030,0x00000000eb200000)
  to   space 1536K, 0% used [0x00000000eaf00000,0x00000000eaf00000,0x00000000eb080000)
 ParOldGen       total 64000K, used 1634K [0x00000000c0000000, 0x00000000c3e80000, 0x00000000eab00000)
  object space 64000K, 2% used [0x00000000c0000000,0x00000000c0198ae0,0x00000000c3e80000)
 Metaspace       used 9951K, capacity 10086K, committed 10368K, reserved 1058816K
  class space    used 1295K, capacity 1339K, committed 1408K, reserved 1048576K
}
Event: 3.022 GC heap before
{Heap before GC invocations=7 (full 0):
 PSYoungGen      total 5632K, used 4706K [0x00000000eab00000, 0x00000000eb200000, 0x0000000100000000)
  eden space 4096K, 97% used [0x00000000eab00000,0x00000000eaee2810,0x00000000eaf00000)
  from space 1536K, 47% used [0x00000000eb080000,0x00000000eb136030,0x00000000eb200000)
  to   space 1536K, 0% used [0x00000000eaf00000,0x00000000eaf00000,0x00000000eb080000)
 ParOldGen       total 64000K, used 1634K [0x00000000c0000000, 0x00000000c3e80000, 0x00000000eab00000)
  object space 64000K, 2% used [0x00000000c0000000,0x00000000c0198ae0,0x00000000c3e80000)
 Metaspace       used 10010K, capacity 10186K, committed 10368K, reserved 1058816K
  class space    used 1299K, capacity 1345K, committed 1408K, reserved 1048576K
Event: 3.024 GC heap after
Heap after GC invocations=7 (full 0):
 PSYoungGen      total 5632K, used 544K [0x00000000eab00000, 0x00000000eb600000, 0x0000000100000000)
  eden space 4096K, 0% used [0x00000000eab00000,0x00000000eab00000,0x00000000eaf00000)
  from space 1536K, 35% used [0x00000000eaf00000,0x00000000eaf88000,0x00000000eb080000)
  to   space 1536K, 0% used [0x00000000eb480000,0x00000000eb480000,0x00000000eb600000)
 ParOldGen       total 64000K, used 1890K [0x00000000c0000000, 0x00000000c3e80000, 0x00000000eab00000)
  object space 64000K, 2% used [0x00000000c0000000,0x00000000c01d8b40,0x00000000c3e80000)
 Metaspace       used 10010K, capacity 10186K, committed 10368K, reserved 1058816K
  class space    used 1299K, capacity 1345K, committed 1408K, reserved 1048576K
}
Event: 3.043 GC heap before
{Heap before GC invocations=8 (full 0):
 PSYoungGen      total 5632K, used 4598K [0x00000000eab00000, 0x00000000eb600000, 0x0000000100000000)
  eden space 4096K, 98% used [0x00000000eab00000,0x00000000eaef5b78,0x00000000eaf00000)
  from space 1536K, 35% used [0x00000000eaf00000,0x00000000eaf88000,0x00000000eb080000)
  to   space 1536K, 0% used [0x00000000eb480000,0x00000000eb480000,0x00000000eb600000)
 ParOldGen       total 64000K, used 1890K [0x00000000c0000000, 0x00000000c3e80000, 0x00000000eab00000)
  object space 64000K, 2% used [0x00000000c0000000,0x00000000c01d8b40,0x00000000c3e80000)
 Metaspace       used 10044K, capacity 10186K, committed 10368K, reserved 1058816K
  class space    used 1299K, capacity 1345K, committed 1408K, reserved 1048576K
Event: 3.049 GC heap after
Heap after GC invocations=8 (full 0):
 PSYoungGen      total 9728K, used 413K [0x00000000eab00000, 0x00000000eb600000, 0x0000000100000000)
  eden space 8192K, 0% used [0x00000000eab00000,0x00000000eab00000,0x00000000eb300000)
  from space 1536K, 26% used [0x00000000eb480000,0x00000000eb4e7418,0x00000000eb600000)
  to   space 1536K, 0% used [0x00000000eb300000,0x00000000eb300000,0x00000000eb480000)
 ParOldGen       total 64000K, used 2078K [0x00000000c0000000, 0x00000000c3e80000, 0x00000000eab00000)
  object space 64000K, 3% used [0x00000000c0000000,0x00000000c0207b50,0x00000000c3e80000)
 Metaspace       used 10044K, capacity 10186K, committed 10368K, reserved 1058816K
  class space    used 1299K, capacity 1345K, committed 1408K, reserved 1048576K
}
Event: 3.090 GC heap before
{Heap before GC invocations=9 (full 0):
 PSYoungGen      total 9728K, used 8003K [0x00000000eab00000, 0x00000000eb600000, 0x0000000100000000)
  eden space 8192K, 92% used [0x00000000eab00000,0x00000000eb269b28,0x00000000eb300000)
  from space 1536K, 26% used [0x00000000eb480000,0x00000000eb4e7418,0x00000000eb600000)
  to   space 1536K, 0% used [0x00000000eb300000,0x00000000eb300000,0x00000000eb480000)
 ParOldGen       total 64000K, used 2078K [0x00000000c0000000, 0x00000000c3e80000, 0x00000000eab00000)
  object space 64000K, 3% used [0x00000000c0000000,0x00000000c0207b50,0x00000000c3e80000)
 Metaspace       used 10121K, capacity 10250K, committed 10368K, reserved 1058816K
  class space    used 1302K, capacity 1345K, committed 1408K, reserved 1048576K
Event: 3.091 GC heap after
Heap after GC invocations=9 (full 0):
 PSYoungGen      total 9728K, used 160K [0x00000000eab00000, 0x00000000ebb00000, 0x0000000100000000)
  eden space 8192K, 0% used [0x00000000eab00000,0x00000000eab00000,0x00000000eb300000)
  from space 1536K, 10% used [0x00000000eb300000,0x00000000eb328000,0x00000000eb480000)
  to   space 1536K, 0% used [0x00000000eb980000,0x00000000eb980000,0x00000000ebb00000)
 ParOldGen       total 64000K, used 2252K [0x00000000c0000000, 0x00000000c3e80000, 0x00000000eab00000)
  object space 64000K, 3% used [0x00000000c0000000,0x00000000c02333f0,0x00000000c3e80000)
 Metaspace       used 10121K, capacity 10250K, committed 10368K, reserved 1058816K
  class space    used 1302K, capacity 1345K, committed 1408K, reserved 1048576K
}
Event: 16.319 GC heap before
{Heap before GC invocations=10 (full 0):
 PSYoungGen      total 9728K, used 8352K [0x00000000eab00000, 0x00000000ebb00000, 0x0000000100000000)
  eden space 8192K, 100% used [0x00000000eab00000,0x00000000eb300000,0x00000000eb300000)
  from space 1536K, 10% used [0x00000000eb300000,0x00000000eb328000,0x00000000eb480000)
  to   space 1536K, 0% used [0x00000000eb980000,0x00000000eb980000,0x00000000ebb00000)
 ParOldGen       total 64000K, used 2252K [0x00000000c0000000, 0x00000000c3e80000, 0x00000000eab00000)
  object space 64000K, 3% used [0x00000000c0000000,0x00000000c02333f0,0x00000000c3e80000)
 Metaspace       used 11437K, capacity 11594K, committed 11776K, reserved 1058816K
  class space    used 1412K, capacity 1473K, committed 1536K, reserved 1048576K
Event: 16.322 GC heap after
Heap after GC invocations=10 (full 0):
 PSYoungGen      total 13824K, used 1530K [0x00000000eab00000, 0x00000000ebd00000, 0x0000000100000000)
  eden space 12288K, 0% used [0x00000000eab00000,0x00000000eab00000,0x00000000eb700000)
  from space 1536K, 99% used [0x00000000eb980000,0x00000000ebafe850,0x00000000ebb00000)
  to   space 2560K, 0% used [0x00000000eb700000,0x00000000eb700000,0x00000000eb980000)
 ParOldGen       total 64000K, used 3774K [0x00000000c0000000, 0x00000000c3e80000, 0x00000000eab00000)
  object space 64000K, 5% used [0x00000000c0000000,0x00000000c03af970,0x00000000c3e80000)
 Metaspace       used 11437K, capacity 11594K, committed 11776K, reserved 1058816K
  class space    used 1412K, capacity 1473K, committed 1536K, reserved 1048576K
}

