# JRE version: Java(TM) SE Runtime Environment (8.0_11-b12) (build 1.8.0_11-b12)
# Java VM: Java HotSpot(TM) 64-Bit Server VM (25.11-b03 mixed mode windows-amd64 compressed oops)
Heap:
 PSYoungGen      total 14848K, used 1645K [0x00000000eab00000, 0x00000000ebb00000, 0x0000000100000000)
  eden space 13312K, 10% used [0x00000000eab00000,0x00000000eac53530,0x00000000eb800000)
  from space 1536K, 18% used [0x00000000eb980000,0x00000000eb9c8000,0x00000000ebb00000)
  to   space 1536K, 0% used [0x00000000eb800000,0x00000000eb800000,0x00000000eb980000)
 ParOldGen       total 64000K, used 2223K [0x00000000c0000000, 0x00000000c3e80000, 0x00000000eab00000)
  object space 64000K, 3% used [0x00000000c0000000,0x00000000c022be78,0x00000000c3e80000)
 Metaspace       used 10793K, capacity 10982K, committed 11136K, reserved 1058816K
  class space    used 1316K, capacity 1377K, committed 1408K, reserved 1048576K
GC Heap History (10 events):
Event: 7.572 GC heap before
{Heap before GC invocations=6 (full 0):
 PSYoungGen      total 2560K, used 2496K [0x00000000eab00000, 0x00000000eb200000, 0x0000000100000000)
  eden space 2048K, 97% used [0x00000000eab00000,0x00000000eacf2170,0x00000000ead00000)
  from space 512K, 98% used [0x00000000ead00000,0x00000000ead7e010,0x00000000ead80000)
  to   space 1536K, 0% used [0x00000000eb080000,0x00000000eb080000,0x00000000eb200000)
 ParOldGen       total 64000K, used 1581K [0x00000000c0000000, 0x00000000c3e80000, 0x00000000eab00000)
  object space 64000K, 2% used [0x00000000c0000000,0x00000000c018b5a8,0x00000000c3e80000)
 Metaspace       used 9795K, capacity 9922K, committed 10112K, reserved 1058816K
  class space    used 1276K, capacity 1307K, committed 1408K, reserved 1048576K
Event: 7.574 GC heap after
Heap after GC invocations=6 (full 0):
 PSYoungGen      total 5632K, used 664K [0x00000000eab00000, 0x00000000eb200000, 0x0000000100000000)
  eden space 4096K, 0% used [0x00000000eab00000,0x00000000eab00000,0x00000000eaf00000)
  from space 1536K, 43% used [0x00000000eb080000,0x00000000eb126010,0x00000000eb200000)
  to   space 1536K, 0% used [0x00000000eaf00000,0x00000000eaf00000,0x00000000eb080000)
 ParOldGen       total 64000K, used 1589K [0x00000000c0000000, 0x00000000c3e80000, 0x00000000eab00000)
  object space 64000K, 2% used [0x00000000c0000000,0x00000000c018d5a8,0x00000000c3e80000)
 Metaspace       used 9795K, capacity 9922K, committed 10112K, reserved 1058816K
  class space    used 1276K, capacity 1307K, committed 1408K, reserved 1048576K
}
Event: 7.595 GC heap before
{Heap before GC invocations=7 (full 0):
 PSYoungGen      total 5632K, used 4656K [0x00000000eab00000, 0x00000000eb200000, 0x0000000100000000)
  eden space 4096K, 97% used [0x00000000eab00000,0x00000000eaee62a0,0x00000000eaf00000)
  from space 1536K, 43% used [0x00000000eb080000,0x00000000eb126010,0x00000000eb200000)
  to   space 1536K, 0% used [0x00000000eaf00000,0x00000000eaf00000,0x00000000eb080000)
 ParOldGen       total 64000K, used 1589K [0x00000000c0000000, 0x00000000c3e80000, 0x00000000eab00000)
  object space 64000K, 2% used [0x00000000c0000000,0x00000000c018d5a8,0x00000000c3e80000)
 Metaspace       used 9849K, capacity 10022K, committed 10368K, reserved 1058816K
  class space    used 1279K, capacity 1313K, committed 1408K, reserved 1048576K
Event: 7.597 GC heap after
Heap after GC invocations=7 (full 0):
 PSYoungGen      total 5632K, used 480K [0x00000000eab00000, 0x00000000eb600000, 0x0000000100000000)
  eden space 4096K, 0% used [0x00000000eab00000,0x00000000eab00000,0x00000000eaf00000)
  from space 1536K, 31% used [0x00000000eaf00000,0x00000000eaf78000,0x00000000eb080000)
  to   space 1536K, 0% used [0x00000000eb480000,0x00000000eb480000,0x00000000eb600000)
 ParOldGen       total 64000K, used 1789K [0x00000000c0000000, 0x00000000c3e80000, 0x00000000eab00000)
  object space 64000K, 2% used [0x00000000c0000000,0x00000000c01bf5c8,0x00000000c3e80000)
 Metaspace       used 9849K, capacity 10022K, committed 10368K, reserved 1058816K
  class space    used 1279K, capacity 1313K, committed 1408K, reserved 1048576K
}
Event: 7.615 GC heap before
{Heap before GC invocations=8 (full 0):
 PSYoungGen      total 5632K, used 4552K [0x00000000eab00000, 0x00000000eb600000, 0x0000000100000000)
  eden space 4096K, 99% used [0x00000000eab00000,0x00000000eaefa368,0x00000000eaf00000)
  from space 1536K, 31% used [0x00000000eaf00000,0x00000000eaf78000,0x00000000eb080000)
  to   space 1536K, 0% used [0x00000000eb480000,0x00000000eb480000,0x00000000eb600000)
 ParOldGen       total 64000K, used 1789K [0x00000000c0000000, 0x00000000c3e80000, 0x00000000eab00000)
  object space 64000K, 2% used [0x00000000c0000000,0x00000000c01bf5c8,0x00000000c3e80000)
 Metaspace       used 9881K, capacity 10022K, committed 10368K, reserved 1058816K
  class space    used 1279K, capacity 1313K, committed 1408K, reserved 1048576K
Event: 7.617 GC heap after
Heap after GC invocations=8 (full 0):
 PSYoungGen      total 9728K, used 494K [0x00000000eab00000, 0x00000000eb600000, 0x0000000100000000)
  eden space 8192K, 0% used [0x00000000eab00000,0x00000000eab00000,0x00000000eb300000)
  from space 1536K, 32% used [0x00000000eb480000,0x00000000eb4fb9a0,0x00000000eb600000)
  to   space 1536K, 0% used [0x00000000eb300000,0x00000000eb300000,0x00000000eb480000)
 ParOldGen       total 64000K, used 1997K [0x00000000c0000000, 0x00000000c3e80000, 0x00000000eab00000)
  object space 64000K, 3% used [0x00000000c0000000,0x00000000c01f35c8,0x00000000c3e80000)
 Metaspace       used 9881K, capacity 10022K, committed 10368K, reserved 1058816K
  class space    used 1279K, capacity 1313K, committed 1408K, reserved 1048576K
}
Event: 7.697 GC heap before
{Heap before GC invocations=9 (full 0):
 PSYoungGen      total 9728K, used 8637K [0x00000000eab00000, 0x00000000eb600000, 0x0000000100000000)
  eden space 8192K, 99% used [0x00000000eab00000,0x00000000eb2f3bc0,0x00000000eb300000)
  from space 1536K, 32% used [0x00000000eb480000,0x00000000eb4fb9a0,0x00000000eb600000)
  to   space 1536K, 0% used [0x00000000eb300000,0x00000000eb300000,0x00000000eb480000)
 ParOldGen       total 64000K, used 1997K [0x00000000c0000000, 0x00000000c3e80000, 0x00000000eab00000)
  object space 64000K, 3% used [0x00000000c0000000,0x00000000c01f35c8,0x00000000c3e80000)
 Metaspace       used 9947K, capacity 10086K, committed 10368K, reserved 1058816K
  class space    used 1279K, capacity 1313K, committed 1408K, reserved 1048576K
Event: 7.698 GC heap after
Heap after GC invocations=9 (full 0):
 PSYoungGen      total 9728K, used 160K [0x00000000eab00000, 0x00000000ebb00000, 0x0000000100000000)
  eden space 8192K, 0% used [0x00000000eab00000,0x00000000eab00000,0x00000000eb300000)
  from space 1536K, 10% used [0x00000000eb300000,0x00000000eb328000,0x00000000eb480000)
  to   space 1536K, 0% used [0x00000000eb980000,0x00000000eb980000,0x00000000ebb00000)
 ParOldGen       total 64000K, used 2183K [0x00000000c0000000, 0x00000000c3e80000, 0x00000000eab00000)
  object space 64000K, 3% used [0x00000000c0000000,0x00000000c0221e78,0x00000000c3e80000)
 Metaspace       used 9947K, capacity 10086K, committed 10368K, reserved 1058816K
  class space    used 1279K, capacity 1313K, committed 1408K, reserved 1048576K
}
Event: 24.033 GC heap before
{Heap before GC invocations=10 (full 0):
 PSYoungGen      total 9728K, used 8352K [0x00000000eab00000, 0x00000000ebb00000, 0x0000000100000000)
  eden space 8192K, 100% used [0x00000000eab00000,0x00000000eb300000,0x00000000eb300000)
  from space 1536K, 10% used [0x00000000eb300000,0x00000000eb328000,0x00000000eb480000)
  to   space 1536K, 0% used [0x00000000eb980000,0x00000000eb980000,0x00000000ebb00000)
 ParOldGen       total 64000K, used 2183K [0x00000000c0000000, 0x00000000c3e80000, 0x00000000eab00000)
  object space 64000K, 3% used [0x00000000c0000000,0x00000000c0221e78,0x00000000c3e80000)
 Metaspace       used 10729K, capacity 10918K, committed 11136K, reserved 1058816K
  class space    used 1316K, capacity 1377K, committed 1408K, reserved 1048576K
Event: 24.035 GC heap after
Heap after GC invocations=10 (full 0):
 PSYoungGen      total 14848K, used 288K [0x00000000eab00000, 0x00000000ebb00000, 0x0000000100000000)
  eden space 13312K, 0% used [0x00000000eab00000,0x00000000eab00000,0x00000000eb800000)
  from space 1536K, 18% used [0x00000000eb980000,0x00000000eb9c8000,0x00000000ebb00000)
  to   space 1536K, 0% used [0x00000000eb800000,0x00000000eb800000,0x00000000eb980000)
 ParOldGen       total 64000K, used 2223K [0x00000000c0000000, 0x00000000c3e80000, 0x00000000eab00000)
  object space 64000K, 3% used [0x00000000c0000000,0x00000000c022be78,0x00000000c3e80000)
 Metaspace       used 10729K, capacity 10918K, committed 11136K, reserved 1058816K
  class space    used 1316K, capacity 1377K, committed 1408K, reserved 1048576K
}

