# JRE version: Java(TM) SE Runtime Environment (8.0_11-b12) (build 1.8.0_11-b12)
# Java VM: Java HotSpot(TM) 64-Bit Server VM (25.11-b03 mixed mode windows-amd64 compressed oops)
Heap:
 PSYoungGen      total 12288K, used 6230K [0x00000000eab00000, 0x00000000ebf00000, 0x0000000100000000)
  eden space 10752K, 46% used [0x00000000eab00000,0x00000000eafdcf50,0x00000000eb580000)
  from space 1536K, 81% used [0x00000000eb580000,0x00000000eb6b8b88,0x00000000eb700000)
  to   space 1536K, 0% used [0x00000000ebd80000,0x00000000ebd80000,0x00000000ebf00000)
 ParOldGen       total 64000K, used 2351K [0x00000000c0000000, 0x00000000c3e80000, 0x00000000eab00000)
  object space 64000K, 3% used [0x00000000c0000000,0x00000000c024bc58,0x00000000c3e80000)
 Metaspace       used 11534K, capacity 11686K, committed 12032K, reserved 1060864K
  class space    used 1395K, capacity 1441K, committed 1536K, reserved 1048576K
GC Heap History (10 events):
Event: 4.616 GC heap before
{Heap before GC invocations=9 (full 0):
 PSYoungGen      total 5120K, used 4538K [0x00000000eab00000, 0x00000000eb200000, 0x0000000100000000)
  eden space 4096K, 97% used [0x00000000eab00000,0x00000000eaee69d8,0x00000000eaf00000)
  from space 1024K, 53% used [0x00000000eb000000,0x00000000eb088000,0x00000000eb100000)
  to   space 1024K, 0% used [0x00000000eaf00000,0x00000000eaf00000,0x00000000eb000000)
 ParOldGen       total 64000K, used 1596K [0x00000000c0000000, 0x00000000c3e80000, 0x00000000eab00000)
  object space 64000K, 2% used [0x00000000c0000000,0x00000000c018f398,0x00000000c3e80000)
 Metaspace       used 9831K, capacity 9958K, committed 10112K, reserved 1058816K
  class space    used 1282K, capacity 1313K, committed 1408K, reserved 1048576K
Event: 4.617 GC heap after
Heap after GC invocations=9 (full 0):
 PSYoungGen      total 5120K, used 256K [0x00000000eab00000, 0x00000000eb480000, 0x0000000100000000)
  eden space 4096K, 0% used [0x00000000eab00000,0x00000000eab00000,0x00000000eaf00000)
  from space 1024K, 25% used [0x00000000eaf00000,0x00000000eaf40000,0x00000000eb000000)
  to   space 1536K, 0% used [0x00000000eb300000,0x00000000eb300000,0x00000000eb480000)
 ParOldGen       total 64000K, used 1852K [0x00000000c0000000, 0x00000000c3e80000, 0x00000000eab00000)
  object space 64000K, 2% used [0x00000000c0000000,0x00000000c01cf398,0x00000000c3e80000)
 Metaspace       used 9831K, capacity 9958K, committed 10112K, reserved 1058816K
  class space    used 1282K, capacity 1313K, committed 1408K, reserved 1048576K
}
Event: 4.636 GC heap before
{Heap before GC invocations=10 (full 0):
 PSYoungGen      total 5120K, used 4318K [0x00000000eab00000, 0x00000000eb480000, 0x0000000100000000)
  eden space 4096K, 99% used [0x00000000eab00000,0x00000000eaef7950,0x00000000eaf00000)
  from space 1024K, 25% used [0x00000000eaf00000,0x00000000eaf40000,0x00000000eb000000)
  to   space 1536K, 0% used [0x00000000eb300000,0x00000000eb300000,0x00000000eb480000)
 ParOldGen       total 64000K, used 1852K [0x00000000c0000000, 0x00000000c3e80000, 0x00000000eab00000)
  object space 64000K, 2% used [0x00000000c0000000,0x00000000c01cf398,0x00000000c3e80000)
 Metaspace       used 9871K, capacity 10022K, committed 10368K, reserved 1058816K
  class space    used 1282K, capacity 1313K, committed 1408K, reserved 1048576K
Event: 4.639 GC heap after
Heap after GC invocations=10 (full 0):
 PSYoungGen      total 8192K, used 128K [0x00000000eab00000, 0x00000000eb480000, 0x0000000100000000)
  eden space 6656K, 0% used [0x00000000eab00000,0x00000000eab00000,0x00000000eb180000)
  from space 1536K, 8% used [0x00000000eb300000,0x00000000eb320000,0x00000000eb480000)
  to   space 1536K, 0% used [0x00000000eb180000,0x00000000eb180000,0x00000000eb300000)
 ParOldGen       total 64000K, used 2023K [0x00000000c0000000, 0x00000000c3e80000, 0x00000000eab00000)
  object space 64000K, 3% used [0x00000000c0000000,0x00000000c01f9c48,0x00000000c3e80000)
 Metaspace       used 9871K, capacity 10022K, committed 10368K, reserved 1058816K
  class space    used 1282K, capacity 1313K, committed 1408K, reserved 1048576K
}
Event: 4.672 GC heap before
{Heap before GC invocations=11 (full 0):
 PSYoungGen      total 8192K, used 6699K [0x00000000eab00000, 0x00000000eb480000, 0x0000000100000000)
  eden space 6656K, 98% used [0x00000000eab00000,0x00000000eb16ad58,0x00000000eb180000)
  from space 1536K, 8% used [0x00000000eb300000,0x00000000eb320000,0x00000000eb480000)
  to   space 1536K, 0% used [0x00000000eb180000,0x00000000eb180000,0x00000000eb300000)
 ParOldGen       total 64000K, used 2023K [0x00000000c0000000, 0x00000000c3e80000, 0x00000000eab00000)
  object space 64000K, 3% used [0x00000000c0000000,0x00000000c01f9c48,0x00000000c3e80000)
 Metaspace       used 9909K, capacity 10022K, committed 10368K, reserved 1058816K
  class space    used 1282K, capacity 1313K, committed 1408K, reserved 1048576K
Event: 4.672 GC heap after
Heap after GC invocations=11 (full 0):
 PSYoungGen      total 8192K, used 128K [0x00000000eab00000, 0x00000000eb880000, 0x0000000100000000)
  eden space 6656K, 0% used [0x00000000eab00000,0x00000000eab00000,0x00000000eb180000)
  from space 1536K, 8% used [0x00000000eb180000,0x00000000eb1a0000,0x00000000eb300000)
  to   space 1536K, 0% used [0x00000000eb700000,0x00000000eb700000,0x00000000eb880000)
 ParOldGen       total 64000K, used 2063K [0x00000000c0000000, 0x00000000c3e80000, 0x00000000eab00000)
  object space 64000K, 3% used [0x00000000c0000000,0x00000000c0203c48,0x00000000c3e80000)
 Metaspace       used 9909K, capacity 10022K, committed 10368K, reserved 1058816K
  class space    used 1282K, capacity 1313K, committed 1408K, reserved 1048576K
}
Event: 29.466 GC heap before
{Heap before GC invocations=12 (full 0):
 PSYoungGen      total 8192K, used 6784K [0x00000000eab00000, 0x00000000eb880000, 0x0000000100000000)
  eden space 6656K, 100% used [0x00000000eab00000,0x00000000eb180000,0x00000000eb180000)
  from space 1536K, 8% used [0x00000000eb180000,0x00000000eb1a0000,0x00000000eb300000)
  to   space 1536K, 0% used [0x00000000eb700000,0x00000000eb700000,0x00000000eb880000)
 ParOldGen       total 64000K, used 2063K [0x00000000c0000000, 0x00000000c3e80000, 0x00000000eab00000)
  object space 64000K, 3% used [0x00000000c0000000,0x00000000c0203c48,0x00000000c3e80000)
 Metaspace       used 10532K, capacity 10630K, committed 10880K, reserved 1058816K
  class space    used 1313K, capacity 1345K, committed 1408K, reserved 1048576K
Event: 29.467 GC heap after
Heap after GC invocations=12 (full 0):
 PSYoungGen      total 12288K, used 288K [0x00000000eab00000, 0x00000000eb880000, 0x0000000100000000)
  eden space 10752K, 0% used [0x00000000eab00000,0x00000000eab00000,0x00000000eb580000)
  from space 1536K, 18% used [0x00000000eb700000,0x00000000eb748000,0x00000000eb880000)
  to   space 1536K, 0% used [0x00000000eb580000,0x00000000eb580000,0x00000000eb700000)
 ParOldGen       total 64000K, used 2095K [0x00000000c0000000, 0x00000000c3e80000, 0x00000000eab00000)
  object space 64000K, 3% used [0x00000000c0000000,0x00000000c020bc48,0x00000000c3e80000)
 Metaspace       used 10532K, capacity 10630K, committed 10880K, reserved 1058816K
  class space    used 1313K, capacity 1345K, committed 1408K, reserved 1048576K
}
Event: 182.408 GC heap before
{Heap before GC invocations=13 (full 0):
 PSYoungGen      total 12288K, used 11040K [0x00000000eab00000, 0x00000000eb880000, 0x0000000100000000)
  eden space 10752K, 100% used [0x00000000eab00000,0x00000000eb580000,0x00000000eb580000)
  from space 1536K, 18% used [0x00000000eb700000,0x00000000eb748000,0x00000000eb880000)
  to   space 1536K, 0% used [0x00000000eb580000,0x00000000eb580000,0x00000000eb700000)
 ParOldGen       total 64000K, used 2095K [0x00000000c0000000, 0x00000000c3e80000, 0x00000000eab00000)
  object space 64000K, 3% used [0x00000000c0000000,0x00000000c020bc48,0x00000000c3e80000)
 Metaspace       used 11503K, capacity 11622K, committed 11776K, reserved 1058816K
  class space    used 1394K, capacity 1441K, committed 1536K, reserved 1048576K
Event: 182.411 GC heap after
Heap after GC invocations=13 (full 0):
 PSYoungGen      total 12288K, used 1250K [0x00000000eab00000, 0x00000000ebf00000, 0x0000000100000000)
  eden space 10752K, 0% used [0x00000000eab00000,0x00000000eab00000,0x00000000eb580000)
  from space 1536K, 81% used [0x00000000eb580000,0x00000000eb6b8b88,0x00000000eb700000)
  to   space 1536K, 0% used [0x00000000ebd80000,0x00000000ebd80000,0x00000000ebf00000)
 ParOldGen       total 64000K, used 2351K [0x00000000c0000000, 0x00000000c3e80000, 0x00000000eab00000)
  object space 64000K, 3% used [0x00000000c0000000,0x00000000c024bc58,0x00000000c3e80000)
 Metaspace       used 11503K, capacity 11622K, committed 11776K, reserved 1058816K
  class space    used 1394K, capacity 1441K, committed 1536K, reserved 1048576K
}

