# JRE version: Java(TM) SE Runtime Environment (8.0_11-b12) (build 1.8.0_11-b12)
# Java VM: Java HotSpot(TM) 64-Bit Server VM (25.11-b03 mixed mode windows-amd64 compressed oops)
Heap:
 PSYoungGen      total 14848K, used 6059K [0x00000000eab00000, 0x00000000ebb00000, 0x0000000100000000)
  eden space 13312K, 42% used [0x00000000eab00000,0x00000000eb092d08,0x00000000eb800000)
  from space 1536K, 22% used [0x00000000eb980000,0x00000000eb9d8000,0x00000000ebb00000)
  to   space 1536K, 0% used [0x00000000eb800000,0x00000000eb800000,0x00000000eb980000)
 ParOldGen       total 64000K, used 2336K [0x00000000c0000000, 0x00000000c3e80000, 0x00000000eab00000)
  object space 64000K, 3% used [0x00000000c0000000,0x00000000c02482a0,0x00000000c3e80000)
 Metaspace       used 10779K, capacity 10954K, committed 11136K, reserved 1058816K
  class space    used 1307K, capacity 1345K, committed 1408K, reserved 1048576K
GC Heap History (10 events):
Event: 10.855 GC heap before
{Heap before GC invocations=6 (full 0):
 PSYoungGen      total 2560K, used 2545K [0x00000000eab00000, 0x00000000eb200000, 0x0000000100000000)
  eden space 2048K, 99% used [0x00000000eab00000,0x00000000eacfe4d0,0x00000000ead00000)
  from space 512K, 98% used [0x00000000ead00000,0x00000000ead7e030,0x00000000ead80000)
  to   space 1536K, 0% used [0x00000000eb080000,0x00000000eb080000,0x00000000eb200000)
 ParOldGen       total 64000K, used 1616K [0x00000000c0000000, 0x00000000c3e80000, 0x00000000eab00000)
  object space 64000K, 2% used [0x00000000c0000000,0x00000000c0194390,0x00000000c3e80000)
 Metaspace       used 9857K, capacity 9990K, committed 10112K, reserved 1058816K
  class space    used 1275K, capacity 1307K, committed 1408K, reserved 1048576K
Event: 10.857 GC heap after
Heap after GC invocations=6 (full 0):
 PSYoungGen      total 5632K, used 696K [0x00000000eab00000, 0x00000000eb200000, 0x0000000100000000)
  eden space 4096K, 0% used [0x00000000eab00000,0x00000000eab00000,0x00000000eaf00000)
  from space 1536K, 45% used [0x00000000eb080000,0x00000000eb12e030,0x00000000eb200000)
  to   space 1536K, 0% used [0x00000000eaf00000,0x00000000eaf00000,0x00000000eb080000)
 ParOldGen       total 64000K, used 1624K [0x00000000c0000000, 0x00000000c3e80000, 0x00000000eab00000)
  object space 64000K, 2% used [0x00000000c0000000,0x00000000c0196390,0x00000000c3e80000)
 Metaspace       used 9857K, capacity 9990K, committed 10112K, reserved 1058816K
  class space    used 1275K, capacity 1307K, committed 1408K, reserved 1048576K
}
Event: 12.542 GC heap before
{Heap before GC invocations=7 (full 0):
 PSYoungGen      total 5632K, used 4787K [0x00000000eab00000, 0x00000000eb200000, 0x0000000100000000)
  eden space 4096K, 99% used [0x00000000eab00000,0x00000000eaefef10,0x00000000eaf00000)
  from space 1536K, 45% used [0x00000000eb080000,0x00000000eb12e030,0x00000000eb200000)
  to   space 1536K, 0% used [0x00000000eaf00000,0x00000000eaf00000,0x00000000eb080000)
 ParOldGen       total 64000K, used 1624K [0x00000000c0000000, 0x00000000c3e80000, 0x00000000eab00000)
  object space 64000K, 2% used [0x00000000c0000000,0x00000000c0196390,0x00000000c3e80000)
 Metaspace       used 9932K, capacity 10090K, committed 10368K, reserved 1058816K
  class space    used 1279K, capacity 1313K, committed 1408K, reserved 1048576K
Event: 12.544 GC heap after
Heap after GC invocations=7 (full 0):
 PSYoungGen      total 5632K, used 544K [0x00000000eab00000, 0x00000000eb600000, 0x0000000100000000)
  eden space 4096K, 0% used [0x00000000eab00000,0x00000000eab00000,0x00000000eaf00000)
  from space 1536K, 35% used [0x00000000eaf00000,0x00000000eaf88000,0x00000000eb080000)
  to   space 1536K, 0% used [0x00000000eb480000,0x00000000eb480000,0x00000000eb600000)
 ParOldGen       total 64000K, used 1832K [0x00000000c0000000, 0x00000000c3e80000, 0x00000000eab00000)
  object space 64000K, 2% used [0x00000000c0000000,0x00000000c01ca3f0,0x00000000c3e80000)
 Metaspace       used 9932K, capacity 10090K, committed 10368K, reserved 1058816K
  class space    used 1279K, capacity 1313K, committed 1408K, reserved 1048576K
}
Event: 14.016 GC heap before
{Heap before GC invocations=8 (full 0):
 PSYoungGen      total 5632K, used 4616K [0x00000000eab00000, 0x00000000eb600000, 0x0000000100000000)
  eden space 4096K, 99% used [0x00000000eab00000,0x00000000eaefa080,0x00000000eaf00000)
  from space 1536K, 35% used [0x00000000eaf00000,0x00000000eaf88000,0x00000000eb080000)
  to   space 1536K, 0% used [0x00000000eb480000,0x00000000eb480000,0x00000000eb600000)
 ParOldGen       total 64000K, used 1832K [0x00000000c0000000, 0x00000000c3e80000, 0x00000000eab00000)
  object space 64000K, 2% used [0x00000000c0000000,0x00000000c01ca3f0,0x00000000c3e80000)
 Metaspace       used 9966K, capacity 10090K, committed 10368K, reserved 1058816K
  class space    used 1280K, capacity 1313K, committed 1408K, reserved 1048576K
Event: 14.018 GC heap after
Heap after GC invocations=8 (full 0):
 PSYoungGen      total 9728K, used 509K [0x00000000eab00000, 0x00000000eb600000, 0x0000000100000000)
  eden space 8192K, 0% used [0x00000000eab00000,0x00000000eab00000,0x00000000eb300000)
  from space 1536K, 33% used [0x00000000eb480000,0x00000000eb4ff418,0x00000000eb600000)
  to   space 1536K, 0% used [0x00000000eb300000,0x00000000eb300000,0x00000000eb480000)
 ParOldGen       total 64000K, used 2033K [0x00000000c0000000, 0x00000000c3e80000, 0x00000000eab00000)
  object space 64000K, 3% used [0x00000000c0000000,0x00000000c01fc728,0x00000000c3e80000)
 Metaspace       used 9966K, capacity 10090K, committed 10368K, reserved 1058816K
  class space    used 1280K, capacity 1313K, committed 1408K, reserved 1048576K
}
Event: 16.807 GC heap before
{Heap before GC invocations=9 (full 0):
 PSYoungGen      total 9728K, used 8701K [0x00000000eab00000, 0x00000000eb600000, 0x0000000100000000)
  eden space 8192K, 100% used [0x00000000eab00000,0x00000000eb300000,0x00000000eb300000)
  from space 1536K, 33% used [0x00000000eb480000,0x00000000eb4ff418,0x00000000eb600000)
  to   space 1536K, 0% used [0x00000000eb300000,0x00000000eb300000,0x00000000eb480000)
 ParOldGen       total 64000K, used 2033K [0x00000000c0000000, 0x00000000c3e80000, 0x00000000eab00000)
  object space 64000K, 3% used [0x00000000c0000000,0x00000000c01fc728,0x00000000c3e80000)
 Metaspace       used 10038K, capacity 10154K, committed 10368K, reserved 1058816K
  class space    used 1280K, capacity 1313K, committed 1408K, reserved 1048576K
Event: 16.809 GC heap after
Heap after GC invocations=9 (full 0):
 PSYoungGen      total 9728K, used 224K [0x00000000eab00000, 0x00000000ebb00000, 0x0000000100000000)
  eden space 8192K, 0% used [0x00000000eab00000,0x00000000eab00000,0x00000000eb300000)
  from space 1536K, 14% used [0x00000000eb300000,0x00000000eb338000,0x00000000eb480000)
  to   space 1536K, 0% used [0x00000000eb980000,0x00000000eb980000,0x00000000ebb00000)
 ParOldGen       total 64000K, used 2253K [0x00000000c0000000, 0x00000000c3e80000, 0x00000000eab00000)
  object space 64000K, 3% used [0x00000000c0000000,0x00000000c0233650,0x00000000c3e80000)
 Metaspace       used 10038K, capacity 10154K, committed 10368K, reserved 1058816K
  class space    used 1280K, capacity 1313K, committed 1408K, reserved 1048576K
}
Event: 24.217 GC heap before
{Heap before GC invocations=10 (full 0):
 PSYoungGen      total 9728K, used 8416K [0x00000000eab00000, 0x00000000ebb00000, 0x0000000100000000)
  eden space 8192K, 100% used [0x00000000eab00000,0x00000000eb300000,0x00000000eb300000)
  from space 1536K, 14% used [0x00000000eb300000,0x00000000eb338000,0x00000000eb480000)
  to   space 1536K, 0% used [0x00000000eb980000,0x00000000eb980000,0x00000000ebb00000)
 ParOldGen       total 64000K, used 2253K [0x00000000c0000000, 0x00000000c3e80000, 0x00000000eab00000)
  object space 64000K, 3% used [0x00000000c0000000,0x00000000c0233650,0x00000000c3e80000)
 Metaspace       used 10668K, capacity 10826K, committed 11136K, reserved 1058816K
  class space    used 1306K, capacity 1345K, committed 1408K, reserved 1048576K
Event: 24.218 GC heap after
Heap after GC invocations=10 (full 0):
 PSYoungGen      total 14848K, used 352K [0x00000000eab00000, 0x00000000ebb00000, 0x0000000100000000)
  eden space 13312K, 0% used [0x00000000eab00000,0x00000000eab00000,0x00000000eb800000)
  from space 1536K, 22% used [0x00000000eb980000,0x00000000eb9d8000,0x00000000ebb00000)
  to   space 1536K, 0% used [0x00000000eb800000,0x00000000eb800000,0x00000000eb980000)
 ParOldGen       total 64000K, used 2336K [0x00000000c0000000, 0x00000000c3e80000, 0x00000000eab00000)
  object space 64000K, 3% used [0x00000000c0000000,0x00000000c02482a0,0x00000000c3e80000)
 Metaspace       used 10668K, capacity 10826K, committed 11136K, reserved 1058816K
  class space    used 1306K, capacity 1345K, committed 1408K, reserved 1048576K
}

